<?xml version="1.0" encoding="UTF-8"?>
<!-- Generated by org.testng.reporters.JUnitReportReporter -->
<testsuite skipped="0" hostname="HYD-KATTAVI-L" name="zenq.makemytrip.tests.MakeMyTripTests" tests="2" failures="0" timestamp="23 Oct 2018 18:01:32 GMT" time="80.536" errors="0">
  <testcase name="verifyMaxOccupancyPerRoomBuildYourOwnPkgFunc" time="49.247" classname="zenq.makemytrip.tests.MakeMyTripTests"/>
  <testcase name="verifySearchFLights" time="31.289" classname="zenq.makemytrip.tests.MakeMyTripTests"/>
</testsuite> <!-- zenq.makemytrip.tests.MakeMyTripTests -->
