<?xml version="1.0" encoding="UTF-8"?>
<!-- Generated by org.testng.reporters.JUnitReportReporter -->
<testsuite skipped="0" hostname="HYD-KATTAVI-L" name="zenq.makemytrip.tests.MakeMyTripTests" tests="2" failures="0" timestamp="23 Oct 2018 06:55:44 GMT" time="108.379" errors="0">
  <testcase name="verifyMaxOccupancyPerRoomBuildYourOwnPkgFunc" time="60.705" classname="zenq.makemytrip.tests.MakeMyTripTests"/>
  <testcase name="searchFLights" time="47.674" classname="zenq.makemytrip.tests.MakeMyTripTests"/>
</testsuite> <!-- zenq.makemytrip.tests.MakeMyTripTests -->
