<?xml version="1.0" encoding="UTF-8"?>
<!-- Generated by org.testng.reporters.JUnitReportReporter -->
<testsuite skipped="0" hostname="HYD-KATTAVI-L" name="zenq.makemytrip.tests.MyBizTests" tests="1" failures="0" timestamp="23 Oct 2018 06:55:44 GMT" time="43.109" errors="0">
  <testcase name="verifyMYBiZSignUpFuctionlity" time="43.109" classname="zenq.makemytrip.tests.MyBizTests"/>
</testsuite> <!-- zenq.makemytrip.tests.MyBizTests -->
