<?xml version="1.0" encoding="UTF-8"?>
<!-- Generated by org.testng.reporters.JUnitReportReporter -->
<testsuite skipped="0" hostname="HYD-KATTAVI-L" name="zenq.makemytrip.tests.MyBizTests" tests="1" failures="0" timestamp="23 Oct 2018 09:28:07 GMT" time="38.715" errors="0">
  <testcase name="verifyMYBiZSignUpFuctionlity" time="38.715" classname="zenq.makemytrip.tests.MyBizTests"/>
</testsuite> <!-- zenq.makemytrip.tests.MyBizTests -->
