<?xml version="1.0" encoding="UTF-8"?>
<!-- Generated by org.testng.reporters.JUnitReportReporter -->
<testsuite skipped="0" hostname="HYD-KATTAVI-L" name="zenq.makemytrip.tests.MakeMyTripTests" tests="2" failures="0" timestamp="23 Oct 2018 09:28:08 GMT" time="85.963" errors="0">
  <testcase name="verifySearchFLights" time="34.391" classname="zenq.makemytrip.tests.MakeMyTripTests"/>
  <testcase name="verifyMaxOccupancyPerRoomBuildYourOwnPkgFunc" time="51.572" classname="zenq.makemytrip.tests.MakeMyTripTests"/>
</testsuite> <!-- zenq.makemytrip.tests.MakeMyTripTests -->
